<?xml version="1.0" encoding="UTF-8"?>
<!-- Generated by org.testng.reporters.JUnitReportReporter -->
<testsuite hostname="WIN10I-1IJ8NK9M" failures="0" tests="4" name="datadriven.DataDrivenTest2" time="0.017" errors="0" timestamp="2022-09-26T12:58:41 IST" skipped="0">
  <testcase classname="datadriven.DataDrivenTest2" name="test" time="0.001"/>
  <system-out/>
  <testcase classname="datadriven.DataDrivenTest2" name="test" time="0.012"/>
  <system-out/>
  <testcase classname="datadriven.DataDrivenTest2" name="test" time="0.003"/>
  <system-out/>
  <testcase classname="datadriven.DataDrivenTest2" name="test" time="0.001"/>
  <system-out/>
</testsuite> <!-- datadriven.DataDrivenTest2 -->
