<?xml version="1.0" encoding="UTF-8"?>
<!-- Generated by org.testng.reporters.JUnitReportReporter -->
<testsuite hostname="WIN10I-1IJ8NK9M" failures="0" tests="4" name="datadriven.Data" time="12.320" errors="0" timestamp="2022-09-26T12:53:39 IST" skipped="0">
  <testcase classname="datadriven.Data" name="test" time="1.194"/>
  <system-out/>
  <testcase classname="datadriven.Data" name="test" time="7.800"/>
  <system-out/>
  <testcase classname="datadriven.Data" name="test" time="1.212"/>
  <system-out/>
  <testcase classname="datadriven.Data" name="test" time="2.114"/>
  <system-out/>
</testsuite> <!-- datadriven.Data -->
