<?xml version="1.0" encoding="UTF-8"?>
<!-- Generated by org.testng.reporters.JUnitReportReporter -->
<testsuite hostname="WIN10I-1IJ8NK9M" failures="0" tests="4" name="datadriven.DataDrivenTest" time="14.210" errors="0" timestamp="2022-09-23T14:34:51 IST" skipped="0">
  <testcase classname="datadriven.DataDrivenTest" name="loginTest" time="9.251"/>
  <system-out/>
  <testcase classname="datadriven.DataDrivenTest" name="loginTest" time="1.597"/>
  <system-out/>
  <testcase classname="datadriven.DataDrivenTest" name="loginTest" time="1.652"/>
  <system-out/>
  <testcase classname="datadriven.DataDrivenTest" name="loginTest" time="1.710"/>
  <system-out/>
</testsuite> <!-- datadriven.DataDrivenTest -->
